<?xml version="1.0" encoding="UTF-8"?>
<!-- Generated by org.testng.reporters.JUnitReportReporter -->
<testsuite hostname="DESKTOP-2V9OQ41" failures="0" tests="4" name="test.LoginTest" time="40.625" errors="0" timestamp="2021-09-27T10:19:31 IST" skipped="0">
  <testcase classname="test.LoginTest" name="loginWithUsernameAndPassword" time="10.988"/>
  <system-out/>
  <testcase classname="test.LoginTest" name="loginWithUsernameAndPassword" time="9.456"/>
  <system-out/>
  <testcase classname="test.LoginTest" name="loginErrorValidation" time="10.358"/>
  <system-out/>
  <testcase classname="test.LoginTest" name="loginErrorValidation" time="9.823"/>
  <system-out/>
</testsuite> <!-- test.LoginTest -->
