<?xml version="1.0" encoding="UTF-8"?>
<!-- Generated by org.testng.reporters.JUnitReportReporter -->
<testsuite skipped="0" hostname="DESKTOP-2V9OQ41" name="utils.ExcelDataProvider" tests="1" failures="0" timestamp="2021-09-21T12:22:30 IST" time="0.008" errors="0">
  <testcase name="testmethod" time="0.008" classname="utils.ExcelDataProvider"/>
  <system-out/>
</testsuite> <!-- utils.ExcelDataProvider -->
