<?xml version="1.0" encoding="UTF-8"?>
<!-- Generated by org.testng.reporters.JUnitReportReporter -->
<testsuite hostname="DESKTOP-2V9OQ41" failures="0" tests="1" name="dbConnection.NewTest" time="1.052" errors="0" timestamp="2021-10-06T12:44:11 IST" skipped="0">
  <testcase classname="dbConnection.NewTest" name="f" time="1.052"/>
  <system-out/>
</testsuite> <!-- dbConnection.NewTest -->
