<?xml version="1.0" encoding="UTF-8"?>
<!-- Generated by org.testng.reporters.JUnitReportReporter -->
<testsuite hostname="DESKTOP-2V9OQ41" failures="0" tests="4" name="test.LoginTest" time="41.638" errors="0" timestamp="2021-10-06T12:39:11 IST" skipped="0">
  <testcase classname="test.LoginTest" name="loginWithUsernameAndPassword" time="9.866"/>
  <system-out/>
  <testcase classname="test.LoginTest" name="loginWithUsernameAndPassword" time="10.878"/>
  <system-out/>
  <testcase classname="test.LoginTest" name="loginErrorValidation" time="9.684"/>
  <system-out/>
  <testcase classname="test.LoginTest" name="loginErrorValidation" time="11.210"/>
  <system-out/>
</testsuite> <!-- test.LoginTest -->
