<?xml version="1.0" encoding="UTF-8"?>
<!-- Generated by org.testng.reporters.JUnitReportReporter -->
<testsuite hostname="DESKTOP-2V9OQ41" failures="0" tests="1" name="dbConnection.DbConnection" time="1.134" errors="0" timestamp="2021-10-06T12:46:34 IST" skipped="0">
  <testcase classname="dbConnection.DbConnection" name="DBConnect" time="1.134"/>
  <system-out/>
</testsuite> <!-- dbConnection.DbConnection -->
